<?xml version="1.0" encoding="UTF-8"?>
<!-- Generated by org.testng.reporters.JUnitReportReporter -->
<testsuite hostname="DESKTOP-I882LUR" failures="0" tests="1" name="test.TC_001Login" time="6.847" errors="0" timestamp="2025-03-08T21:00:46 IST" skipped="0">
  <testcase classname="test.TC_001Login" name="loginTest" time="6.847"/>
  <system-out/>
</testsuite> <!-- test.TC_001Login -->
